<?xml version="1.0" encoding="UTF-8"?>
<testsuite xmlns:xsi="http://www.w3.org/2001/XMLSchema-instance" xsi:noNamespaceSchemaLocation="https://maven.apache.org/surefire/maven-surefire-plugin/xsd/surefire-test-report.xsd" name="flikart1.AppTest" time="0.102" tests="1" errors="0" skipped="0" failures="0">
  <properties>
    <property name="java.specification.version" value="17"/>
    <property name="sun.cpu.isalist" value="amd64"/>
    <property name="sun.jnu.encoding" value="Cp1252"/>
    <property name="java.class.path" value="E:\Bengaluru_DEVOPS_mohan\New Valume\Maven\flipkart-project\cat\target\test-classes;E:\Bengaluru_DEVOPS_mohan\New Valume\Maven\flipkart-project\cat\target\classes;C:\Users\pavan-pc\.m2\repository\junit\junit\4.11\junit-4.11.jar;C:\Users\pavan-pc\.m2\repository\org\hamcrest\hamcrest-core\1.3\hamcrest-core-1.3.jar;"/>
    <property name="java.vm.vendor" value="Oracle Corporation"/>
    <property name="sun.arch.data.model" value="64"/>
    <property name="user.variant" value=""/>
    <property name="java.vendor.url" value="https://java.oracle.com/"/>
    <property name="user.timezone" value="Asia/Calcutta"/>
    <property name="os.name" value="Windows 10"/>
    <property name="java.vm.specification.version" value="17"/>
    <property name="sun.java.launcher" value="SUN_STANDARD"/>
    <property name="user.country" value="US"/>
    <property name="sun.boot.library.path" value="C:\Program Files\Java\jdk-17\bin"/>
    <property name="sun.java.command" value="C:\Users\pavan-pc\AppData\Local\Temp\surefire5996994231422872576\surefirebooter10301274886106287173.jar C:\Users\pavan-pc\AppData\Local\Temp\surefire5996994231422872576 2021-10-10T12-54-43_594-jvmRun1 surefire4574133841384202506tmp surefire_017934920165402503580tmp"/>
    <property name="jdk.debug" value="release"/>
    <property name="surefire.test.class.path" value="E:\Bengaluru_DEVOPS_mohan\New Valume\Maven\flipkart-project\cat\target\test-classes;E:\Bengaluru_DEVOPS_mohan\New Valume\Maven\flipkart-project\cat\target\classes;C:\Users\pavan-pc\.m2\repository\junit\junit\4.11\junit-4.11.jar;C:\Users\pavan-pc\.m2\repository\org\hamcrest\hamcrest-core\1.3\hamcrest-core-1.3.jar;"/>
    <property name="sun.cpu.endian" value="little"/>
    <property name="user.home" value="C:\Users\pavan-pc"/>
    <property name="user.language" value="en"/>
    <property name="java.specification.vendor" value="Oracle Corporation"/>
    <property name="java.version.date" value="2021-09-14"/>
    <property name="java.home" value="C:\Program Files\Java\jdk-17"/>
    <property name="file.separator" value="\"/>
    <property name="basedir" value="E:\Bengaluru_DEVOPS_mohan\New Valume\Maven\flipkart-project\cat"/>
    <property name="java.vm.compressedOopsMode" value="32-bit"/>
    <property name="line.separator" value="&#10;"/>
    <property name="java.vm.specification.vendor" value="Oracle Corporation"/>
    <property name="java.specification.name" value="Java Platform API Specification"/>
    <property name="surefire.real.class.path" value="C:\Users\pavan-pc\AppData\Local\Temp\surefire5996994231422872576\surefirebooter10301274886106287173.jar"/>
    <property name="user.script" value=""/>
    <property name="sun.management.compiler" value="HotSpot 64-Bit Tiered Compilers"/>
    <property name="java.runtime.version" value="17+35-LTS-2724"/>
    <property name="user.name" value="pavan-pc"/>
    <property name="path.separator" value=";"/>
    <property name="os.version" value="10.0"/>
    <property name="java.runtime.name" value="Java(TM) SE Runtime Environment"/>
    <property name="file.encoding" value="Cp1252"/>
    <property name="java.vm.name" value="Java HotSpot(TM) 64-Bit Server VM"/>
    <property name="localRepository" value="C:\Users\pavan-pc\.m2\repository"/>
    <property name="java.vendor.url.bug" value="https://bugreport.java.com/bugreport/"/>
    <property name="java.io.tmpdir" value="C:\Users\pavan-pc\AppData\Local\Temp\"/>
    <property name="java.version" value="17"/>
    <property name="user.dir" value="E:\Bengaluru_DEVOPS_mohan\New Valume\Maven\flipkart-project\cat"/>
    <property name="os.arch" value="amd64"/>
    <property name="java.vm.specification.name" value="Java Virtual Machine Specification"/>
    <property name="sun.os.patch.level" value=""/>
    <property name="native.encoding" value="Cp1252"/>
    <property name="java.library.path" value="C:\Program Files\Java\jdk-17\bin;C:\WINDOWS\Sun\Java\bin;C:\WINDOWS\system32;C:\WINDOWS;C:\Program Files\apache-maven-3.8.3\apache-maven-3.8.3-bin;C:\Users\pavan-pc\AppData\Local\Microsoft\WindowsApps;C:\Users\pavan-pc\AppData\Roaming\npm;C:\Users\pavan-pc\AppData\Local\Programs\Fiddler;C:\Users\pavan-pc\AppData\Local\Microsoft\WindowsApps;C:\Users\pavan-pc\.dotnet\tools;C:\Program Files\Azure Data Studio\bin;&quot;C:\Program Files\Java\jdk-17\bin;C:\apache-maven-3.8.3-bin&quot;;C:\Program Files\Java\jdk-17\bin;C:\Program Files\apache-maven-3.8.3\bin;;."/>
    <property name="java.vm.info" value="mixed mode, sharing"/>
    <property name="java.vendor" value="Oracle Corporation"/>
    <property name="java.vm.version" value="17+35-LTS-2724"/>
    <property name="sun.io.unicode.encoding" value="UnicodeLittle"/>
    <property name="java.class.version" value="61.0"/>
  </properties>
  <testcase name="shouldAnswerWithTrue" classname="flikart1.AppTest" time="0.002"/>
</testsuite>